d:\working\half life chexter\sourcecode\projects\vs2010\debug\hldll\int\vc120.pdb
d:\working\half life chexter\sourcecode\projects\vs2010\debug\hldll\int\vc120.idb
d:\working\half life chexter\sourcecode\projects\vs2010\debug\hldll\int\soundent.obj
d:\working\half life chexter\sourcecode\projects\vs2010\debug\hldll\int\spectator.obj
d:\working\half life chexter\sourcecode\projects\vs2010\debug\hldll\int\squadmonster.obj
d:\working\half life chexter\sourcecode\projects\vs2010\debug\hldll\int\squeakgrenade.obj
d:\working\half life chexter\sourcecode\projects\vs2010\debug\hldll\int\subs.obj
d:\working\half life chexter\sourcecode\projects\vs2010\debug\hldll\int\talkmonster.obj
d:\working\half life chexter\sourcecode\projects\vs2010\debug\hldll\int\teamplay_gamerules.obj
d:\working\half life chexter\sourcecode\projects\vs2010\debug\hldll\int\tempmonster.obj
d:\working\half life chexter\sourcecode\projects\vs2010\debug\hldll\int\tentacle.obj
d:\working\half life chexter\sourcecode\projects\vs2010\debug\hldll\int\triggers.obj
d:\working\half life chexter\sourcecode\projects\vs2010\debug\hldll\int\tripmine.obj
d:\working\half life chexter\sourcecode\projects\vs2010\debug\hldll\int\turret.obj
d:\working\half life chexter\sourcecode\projects\vs2010\debug\hldll\int\util.obj
d:\working\half life chexter\sourcecode\projects\vs2010\debug\hldll\int\weapons.obj
d:\working\half life chexter\sourcecode\projects\vs2010\debug\hldll\int\world.obj
d:\working\half life chexter\sourcecode\projects\vs2010\debug\hldll\int\hl_wpn_glock.obj
d:\working\half life chexter\sourcecode\projects\vs2010\debug\hldll\int\xen.obj
d:\working\half life chexter\sourcecode\projects\vs2010\debug\hldll\int\zombie.obj
d:\working\half life chexter\sourcecode\projects\vs2010\debug\hldll\int\voice_gamemgr.obj
d:\working\half life chexter\sourcecode\projects\vs2010\debug\hldll\int\blaster.obj
d:\working\half life chexter\sourcecode\projects\vs2010\debug\hldll\int\nihilanth.obj
d:\working\half life chexter\sourcecode\projects\vs2010\debug\hldll\int\nodes.obj
d:\working\half life chexter\sourcecode\projects\vs2010\debug\hldll\int\observer.obj
d:\working\half life chexter\sourcecode\projects\vs2010\debug\hldll\int\osprey.obj
d:\working\half life chexter\sourcecode\projects\vs2010\debug\hldll\int\pathcorner.obj
d:\working\half life chexter\sourcecode\projects\vs2010\debug\hldll\int\plane.obj
d:\working\half life chexter\sourcecode\projects\vs2010\debug\hldll\int\plats.obj
d:\working\half life chexter\sourcecode\projects\vs2010\debug\hldll\int\player.obj
d:\working\half life chexter\sourcecode\projects\vs2010\debug\hldll\int\python.obj
d:\working\half life chexter\sourcecode\projects\vs2010\debug\hldll\int\rat.obj
d:\working\half life chexter\sourcecode\projects\vs2010\debug\hldll\int\roach.obj
d:\working\half life chexter\sourcecode\projects\vs2010\debug\hldll\int\rpg.obj
d:\working\half life chexter\sourcecode\projects\vs2010\debug\hldll\int\satchel.obj
d:\working\half life chexter\sourcecode\projects\vs2010\debug\hldll\int\schedule.obj
d:\working\half life chexter\sourcecode\projects\vs2010\debug\hldll\int\scientist.obj
d:\working\half life chexter\sourcecode\projects\vs2010\debug\hldll\int\scripted.obj
d:\working\half life chexter\sourcecode\projects\vs2010\debug\hldll\int\shotgun.obj
d:\working\half life chexter\sourcecode\projects\vs2010\debug\hldll\int\singleplay_gamerules.obj
d:\working\half life chexter\sourcecode\projects\vs2010\debug\hldll\int\skill.obj
d:\working\half life chexter\sourcecode\projects\vs2010\debug\hldll\int\sound.obj
d:\working\half life chexter\sourcecode\projects\vs2010\debug\hldll\int\hornet.obj
d:\working\half life chexter\sourcecode\projects\vs2010\debug\hldll\int\hornetgun.obj
d:\working\half life chexter\sourcecode\projects\vs2010\debug\hldll\int\houndeye.obj
d:\working\half life chexter\sourcecode\projects\vs2010\debug\hldll\int\h_ai.obj
d:\working\half life chexter\sourcecode\projects\vs2010\debug\hldll\int\h_battery.obj
d:\working\half life chexter\sourcecode\projects\vs2010\debug\hldll\int\h_cine.obj
d:\working\half life chexter\sourcecode\projects\vs2010\debug\hldll\int\h_cycler.obj
d:\working\half life chexter\sourcecode\projects\vs2010\debug\hldll\int\h_export.obj
d:\working\half life chexter\sourcecode\projects\vs2010\debug\hldll\int\ichthyosaur.obj
d:\working\half life chexter\sourcecode\projects\vs2010\debug\hldll\int\islave.obj
d:\working\half life chexter\sourcecode\projects\vs2010\debug\hldll\int\items.obj
d:\working\half life chexter\sourcecode\projects\vs2010\debug\hldll\int\leech.obj
d:\working\half life chexter\sourcecode\projects\vs2010\debug\hldll\int\lights.obj
d:\working\half life chexter\sourcecode\projects\vs2010\debug\hldll\int\maprules.obj
d:\working\half life chexter\sourcecode\projects\vs2010\debug\hldll\int\monstermaker.obj
d:\working\half life chexter\sourcecode\projects\vs2010\debug\hldll\int\monsters.obj
d:\working\half life chexter\sourcecode\projects\vs2010\debug\hldll\int\monsterstate.obj
d:\working\half life chexter\sourcecode\projects\vs2010\debug\hldll\int\mortar.obj
d:\working\half life chexter\sourcecode\projects\vs2010\debug\hldll\int\mp5.obj
d:\working\half life chexter\sourcecode\projects\vs2010\debug\hldll\int\multiplay_gamerules.obj
d:\working\half life chexter\sourcecode\projects\vs2010\debug\hldll\int\doors.obj
d:\working\half life chexter\sourcecode\projects\vs2010\debug\hldll\int\effects.obj
d:\working\half life chexter\sourcecode\projects\vs2010\debug\hldll\int\egon.obj
d:\working\half life chexter\sourcecode\projects\vs2010\debug\hldll\int\explode.obj
d:\working\half life chexter\sourcecode\projects\vs2010\debug\hldll\int\flyingmonster.obj
d:\working\half life chexter\sourcecode\projects\vs2010\debug\hldll\int\func_break.obj
d:\working\half life chexter\sourcecode\projects\vs2010\debug\hldll\int\func_tank.obj
d:\working\half life chexter\sourcecode\projects\vs2010\debug\hldll\int\game.obj
d:\working\half life chexter\sourcecode\projects\vs2010\debug\hldll\int\gamerules.obj
d:\working\half life chexter\sourcecode\projects\vs2010\debug\hldll\int\gargantua.obj
d:\working\half life chexter\sourcecode\projects\vs2010\debug\hldll\int\gauss.obj
d:\working\half life chexter\sourcecode\projects\vs2010\debug\hldll\int\genericmonster.obj
d:\working\half life chexter\sourcecode\projects\vs2010\debug\hldll\int\ggrenade.obj
d:\working\half life chexter\sourcecode\projects\vs2010\debug\hldll\int\globals.obj
d:\working\half life chexter\sourcecode\projects\vs2010\debug\hldll\int\gman.obj
d:\working\half life chexter\sourcecode\projects\vs2010\debug\hldll\int\handgrenade.obj
d:\working\half life chexter\sourcecode\projects\vs2010\debug\hldll\int\hassassin.obj
d:\working\half life chexter\sourcecode\projects\vs2010\debug\hldll\int\headcrab.obj
d:\working\half life chexter\sourcecode\projects\vs2010\debug\hldll\int\healthkit.obj
d:\working\half life chexter\sourcecode\projects\vs2010\debug\hldll\int\hgrunt.obj
d:\working\half life chexter\sourcecode\projects\vs2010\debug\hldll\int\aflock.obj
d:\working\half life chexter\sourcecode\projects\vs2010\debug\hldll\int\agrunt.obj
d:\working\half life chexter\sourcecode\projects\vs2010\debug\hldll\int\airtank.obj
d:\working\half life chexter\sourcecode\projects\vs2010\debug\hldll\int\animating.obj
d:\working\half life chexter\sourcecode\projects\vs2010\debug\hldll\int\animation.obj
d:\working\half life chexter\sourcecode\projects\vs2010\debug\hldll\int\apache.obj
d:\working\half life chexter\sourcecode\projects\vs2010\debug\hldll\int\barnacle.obj
d:\working\half life chexter\sourcecode\projects\vs2010\debug\hldll\int\barney.obj
d:\working\half life chexter\sourcecode\projects\vs2010\debug\hldll\int\bigmomma.obj
d:\working\half life chexter\sourcecode\projects\vs2010\debug\hldll\int\bloater.obj
d:\working\half life chexter\sourcecode\projects\vs2010\debug\hldll\int\bmodels.obj
d:\working\half life chexter\sourcecode\projects\vs2010\debug\hldll\int\bullsquid.obj
d:\working\half life chexter\sourcecode\projects\vs2010\debug\hldll\int\buttons.obj
d:\working\half life chexter\sourcecode\projects\vs2010\debug\hldll\int\cbase.obj
d:\working\half life chexter\sourcecode\projects\vs2010\debug\hldll\int\client.obj
d:\working\half life chexter\sourcecode\projects\vs2010\debug\hldll\int\combat.obj
d:\working\half life chexter\sourcecode\projects\vs2010\debug\hldll\int\controller.obj
d:\working\half life chexter\sourcecode\projects\vs2010\debug\hldll\int\crossbow.obj
d:\working\half life chexter\sourcecode\projects\vs2010\debug\hldll\int\crowbar.obj
d:\working\half life chexter\sourcecode\projects\vs2010\debug\hldll\int\defaultai.obj
d:\working\half life chexter\sourcecode\projects\vs2010\debug\hldll\int\pm_debug.obj
d:\working\half life chexter\sourcecode\projects\vs2010\debug\hldll\int\pm_math.obj
d:\working\half life chexter\sourcecode\projects\vs2010\debug\hldll\int\pm_shared.obj
d:\working\half life chexter\sourcecode\projects\vs2010\(configuration)\hldll\hlc.lib
d:\working\half life chexter\sourcecode\projects\vs2010\(configuration)\hldll\hlc.exp
d:\working\half life chexter\sourcecode\projects\vs2010\(configuration)\hldll\hlc.ilk
d:\working\half life chexter\sourcecode\projects\vs2010\(configuration)\hldll\hlc.dll
d:\working\half life chexter\sourcecode\projects\vs2010\(configuration)\hldll\hlc.pdb
d:\working\half life chexter\sourcecode\projects\vs2010\debug\hldll\int\hldll.tlog\cl.command.1.tlog
d:\working\half life chexter\sourcecode\projects\vs2010\debug\hldll\int\hldll.tlog\cl.read.1.tlog
d:\working\half life chexter\sourcecode\projects\vs2010\debug\hldll\int\hldll.tlog\cl.write.1.tlog
d:\working\half life chexter\sourcecode\projects\vs2010\debug\hldll\int\hldll.tlog\hldll.write.1u.tlog
d:\working\half life chexter\sourcecode\projects\vs2010\debug\hldll\int\hldll.tlog\link.command.1.tlog
d:\working\half life chexter\sourcecode\projects\vs2010\debug\hldll\int\hldll.tlog\link.read.1.tlog
d:\working\half life chexter\sourcecode\projects\vs2010\debug\hldll\int\hldll.tlog\link.write.1.tlog
