d:\working\half life chexter\sourcecode\projects\vs2010\debug\hl_cdll\int\vc120.pdb
d:\working\half life chexter\sourcecode\projects\vs2010\debug\hl_cdll\int\vc120.idb
d:\working\half life chexter\sourcecode\projects\vs2010\debug\hl_cdll\int\gauss.obj
d:\working\half life chexter\sourcecode\projects\vs2010\debug\hl_cdll\int\handgrenade.obj
d:\working\half life chexter\sourcecode\projects\vs2010\debug\hl_cdll\int\hornetgun.obj
d:\working\half life chexter\sourcecode\projects\vs2010\debug\hl_cdll\int\mp5.obj
d:\working\half life chexter\sourcecode\projects\vs2010\debug\hl_cdll\int\python.obj
d:\working\half life chexter\sourcecode\projects\vs2010\debug\hl_cdll\int\rpg.obj
d:\working\half life chexter\sourcecode\projects\vs2010\debug\hl_cdll\int\satchel.obj
d:\working\half life chexter\sourcecode\projects\vs2010\debug\hl_cdll\int\shotgun.obj
d:\working\half life chexter\sourcecode\projects\vs2010\debug\hl_cdll\int\squeakgrenade.obj
d:\working\half life chexter\sourcecode\projects\vs2010\debug\hl_cdll\int\tripmine.obj
d:\working\half life chexter\sourcecode\projects\vs2010\debug\hl_cdll\int\hl_wpn_glock.obj
d:\working\half life chexter\sourcecode\projects\vs2010\debug\hl_cdll\int\vgui_checkbutton2.obj
d:\working\half life chexter\sourcecode\projects\vs2010\debug\hl_cdll\int\vgui_grid.obj
d:\working\half life chexter\sourcecode\projects\vs2010\debug\hl_cdll\int\vgui_helpers.obj
d:\working\half life chexter\sourcecode\projects\vs2010\debug\hl_cdll\int\vgui_listbox.obj
d:\working\half life chexter\sourcecode\projects\vs2010\debug\hl_cdll\int\vgui_loadtga.obj
d:\working\half life chexter\sourcecode\projects\vs2010\debug\hl_cdll\int\vgui_scrollbar2.obj
d:\working\half life chexter\sourcecode\projects\vs2010\debug\hl_cdll\int\vgui_slider2.obj
d:\working\half life chexter\sourcecode\projects\vs2010\debug\hl_cdll\int\voice_banmgr.obj
d:\working\half life chexter\sourcecode\projects\vs2010\debug\hl_cdll\int\interface.obj
d:\working\half life chexter\sourcecode\projects\vs2010\debug\hl_cdll\int\train.obj
d:\working\half life chexter\sourcecode\projects\vs2010\debug\hl_cdll\int\tri.obj
d:\working\half life chexter\sourcecode\projects\vs2010\debug\hl_cdll\int\util.obj
d:\working\half life chexter\sourcecode\projects\vs2010\debug\hl_cdll\int\vgui_classmenu.obj
d:\working\half life chexter\sourcecode\projects\vs2010\debug\hl_cdll\int\vgui_controlconfigpanel.obj
d:\working\half life chexter\sourcecode\projects\vs2010\debug\hl_cdll\int\vgui_customobjects.obj
d:\working\half life chexter\sourcecode\projects\vs2010\debug\hl_cdll\int\vgui_int.obj
d:\working\half life chexter\sourcecode\projects\vs2010\debug\hl_cdll\int\vgui_motdwindow.obj
d:\working\half life chexter\sourcecode\projects\vs2010\debug\hl_cdll\int\vgui_schememanager.obj
d:\working\half life chexter\sourcecode\projects\vs2010\debug\hl_cdll\int\vgui_scorepanel.obj
d:\working\half life chexter\sourcecode\projects\vs2010\debug\hl_cdll\int\vgui_serverbrowser.obj
d:\working\half life chexter\sourcecode\projects\vs2010\debug\hl_cdll\int\vgui_spectatorpanel.obj
d:\working\half life chexter\sourcecode\projects\vs2010\debug\hl_cdll\int\vgui_teamfortressviewport.obj
d:\working\half life chexter\sourcecode\projects\vs2010\debug\hl_cdll\int\vgui_teammenu.obj
d:\working\half life chexter\sourcecode\projects\vs2010\debug\hl_cdll\int\view.obj
d:\working\half life chexter\sourcecode\projects\vs2010\debug\hl_cdll\int\voice_status.obj
d:\working\half life chexter\sourcecode\projects\vs2010\debug\hl_cdll\int\parsemsg.obj
d:\working\half life chexter\sourcecode\projects\vs2010\debug\hl_cdll\int\crossbow.obj
d:\working\half life chexter\sourcecode\projects\vs2010\debug\hl_cdll\int\crowbar.obj
d:\working\half life chexter\sourcecode\projects\vs2010\debug\hl_cdll\int\egon.obj
d:\working\half life chexter\sourcecode\projects\vs2010\debug\hl_cdll\int\hud.obj
d:\working\half life chexter\sourcecode\projects\vs2010\debug\hl_cdll\int\hud_bench.obj
d:\working\half life chexter\sourcecode\projects\vs2010\debug\hl_cdll\int\hud_benchtrace.obj
d:\working\half life chexter\sourcecode\projects\vs2010\debug\hl_cdll\int\hud_msg.obj
d:\working\half life chexter\sourcecode\projects\vs2010\debug\hl_cdll\int\hud_redraw.obj
d:\working\half life chexter\sourcecode\projects\vs2010\debug\hl_cdll\int\hud_servers.obj
d:\working\half life chexter\sourcecode\projects\vs2010\debug\hl_cdll\int\hud_spectator.obj
d:\working\half life chexter\sourcecode\projects\vs2010\debug\hl_cdll\int\hud_update.obj
d:\working\half life chexter\sourcecode\projects\vs2010\debug\hl_cdll\int\input.obj
d:\working\half life chexter\sourcecode\projects\vs2010\debug\hl_cdll\int\inputw32.obj
d:\working\half life chexter\sourcecode\projects\vs2010\debug\hl_cdll\int\interpolation.obj
d:\working\half life chexter\sourcecode\projects\vs2010\debug\hl_cdll\int\in_camera.obj
d:\working\half life chexter\sourcecode\projects\vs2010\debug\hl_cdll\int\menu.obj
d:\working\half life chexter\sourcecode\projects\vs2010\debug\hl_cdll\int\message.obj
d:\working\half life chexter\sourcecode\projects\vs2010\debug\hl_cdll\int\saytext.obj
d:\working\half life chexter\sourcecode\projects\vs2010\debug\hl_cdll\int\statusbar.obj
d:\working\half life chexter\sourcecode\projects\vs2010\debug\hl_cdll\int\status_icons.obj
d:\working\half life chexter\sourcecode\projects\vs2010\debug\hl_cdll\int\studiomodelrenderer.obj
d:\working\half life chexter\sourcecode\projects\vs2010\debug\hl_cdll\int\studio_util.obj
d:\working\half life chexter\sourcecode\projects\vs2010\debug\hl_cdll\int\text_message.obj
d:\working\half life chexter\sourcecode\projects\vs2010\debug\hl_cdll\int\ammo.obj
d:\working\half life chexter\sourcecode\projects\vs2010\debug\hl_cdll\int\ammohistory.obj
d:\working\half life chexter\sourcecode\projects\vs2010\debug\hl_cdll\int\ammo_secondary.obj
d:\working\half life chexter\sourcecode\projects\vs2010\debug\hl_cdll\int\battery.obj
d:\working\half life chexter\sourcecode\projects\vs2010\debug\hl_cdll\int\cdll_int.obj
d:\working\half life chexter\sourcecode\projects\vs2010\debug\hl_cdll\int\com_weapons.obj
d:\working\half life chexter\sourcecode\projects\vs2010\debug\hl_cdll\int\death.obj
d:\working\half life chexter\sourcecode\projects\vs2010\debug\hl_cdll\int\demo.obj
d:\working\half life chexter\sourcecode\projects\vs2010\debug\hl_cdll\int\entity.obj
d:\working\half life chexter\sourcecode\projects\vs2010\debug\hl_cdll\int\events.obj
d:\working\half life chexter\sourcecode\projects\vs2010\debug\hl_cdll\int\ev_common.obj
d:\working\half life chexter\sourcecode\projects\vs2010\debug\hl_cdll\int\ev_hldm.obj
d:\working\half life chexter\sourcecode\projects\vs2010\debug\hl_cdll\int\flashlight.obj
d:\working\half life chexter\sourcecode\projects\vs2010\debug\hl_cdll\int\gamestudiomodelrenderer.obj
d:\working\half life chexter\sourcecode\projects\vs2010\debug\hl_cdll\int\geiger.obj
d:\working\half life chexter\sourcecode\projects\vs2010\debug\hl_cdll\int\health.obj
d:\working\half life chexter\sourcecode\projects\vs2010\debug\hl_cdll\int\hl_baseentity.obj
d:\working\half life chexter\sourcecode\projects\vs2010\debug\hl_cdll\int\hl_events.obj
d:\working\half life chexter\sourcecode\projects\vs2010\debug\hl_cdll\int\hl_objects.obj
d:\working\half life chexter\sourcecode\projects\vs2010\debug\hl_cdll\int\hl_weapons.obj
d:\working\half life chexter\sourcecode\projects\vs2010\debug\hl_cdll\int\pm_debug.obj
d:\working\half life chexter\sourcecode\projects\vs2010\debug\hl_cdll\int\pm_math.obj
d:\working\half life chexter\sourcecode\projects\vs2010\debug\hl_cdll\int\pm_shared.obj
d:\working\half life chexter\sourcecode\projects\vs2010\debug\hl_cdll\client.lib
d:\working\half life chexter\sourcecode\projects\vs2010\debug\hl_cdll\client.exp
d:\working\half life chexter\sourcecode\projects\vs2010\debug\hl_cdll\client.ilk
d:\working\half life chexter\sourcecode\projects\vs2010\debug\hl_cdll\client.dll
d:\working\half life chexter\sourcecode\projects\vs2010\debug\hl_cdll\client.pdb
d:\working\half life chexter\sourcecode\projects\vs2010\debug\hl_cdll\int\hl_cdll.tlog\cl.command.1.tlog
d:\working\half life chexter\sourcecode\projects\vs2010\debug\hl_cdll\int\hl_cdll.tlog\cl.read.1.tlog
d:\working\half life chexter\sourcecode\projects\vs2010\debug\hl_cdll\int\hl_cdll.tlog\cl.write.1.tlog
d:\working\half life chexter\sourcecode\projects\vs2010\debug\hl_cdll\int\hl_cdll.tlog\hl_cdll.write.1u.tlog
d:\working\half life chexter\sourcecode\projects\vs2010\debug\hl_cdll\int\hl_cdll.tlog\link.command.1.tlog
d:\working\half life chexter\sourcecode\projects\vs2010\debug\hl_cdll\int\hl_cdll.tlog\link.read.1.tlog
d:\working\half life chexter\sourcecode\projects\vs2010\debug\hl_cdll\int\hl_cdll.tlog\link.write.1.tlog
